<?xml version="1.0" encoding="UTF-8"?>
<testsuite xmlns:xsi="http://www.w3.org/2001/XMLSchema-instance" xsi:noNamespaceSchemaLocation="https://maven.apache.org/surefire/maven-surefire-plugin/xsd/surefire-test-report.xsd" name="com.amazonaws.appflow.custom.connector.queryfilter.CustomConnectorParseTreeBuilderTest" time="0.046" tests="38" errors="0" skipped="0" failures="0">
  <properties>
    <property name="java.specification.version" value="15"/>
    <property name="sun.jnu.encoding" value="UTF-8"/>
    <property name="java.class.path" value="/Users/banvipul/sdk-java-2/aws-appflow-custom-connector/custom-connector-queryfilter/target/test-classes:/Users/banvipul/sdk-java-2/aws-appflow-custom-connector/custom-connector-queryfilter/target/classes:/Users/banvipul/.m2/repository/org/antlr/antlr4-runtime/4.9.1/antlr4-runtime-4.9.1.jar:/Users/banvipul/.m2/repository/com/amazonaws/aws-lambda-java-core/1.2.1/aws-lambda-java-core-1.2.1.jar:/Users/banvipul/.m2/repository/com/amazonaws/aws-java-sdk-lambda/1.11.993/aws-java-sdk-lambda-1.11.993.jar:/Users/banvipul/.m2/repository/com/amazonaws/aws-java-sdk-core/1.11.993/aws-java-sdk-core-1.11.993.jar:/Users/banvipul/.m2/repository/commons-logging/commons-logging/1.1.3/commons-logging-1.1.3.jar:/Users/banvipul/.m2/repository/org/apache/httpcomponents/httpclient/4.5.13/httpclient-4.5.13.jar:/Users/banvipul/.m2/repository/org/apache/httpcomponents/httpcore/4.4.13/httpcore-4.4.13.jar:/Users/banvipul/.m2/repository/commons-codec/commons-codec/1.11/commons-codec-1.11.jar:/Users/banvipul/.m2/repository/software/amazon/ion/ion-java/1.0.2/ion-java-1.0.2.jar:/Users/banvipul/.m2/repository/com/fasterxml/jackson/dataformat/jackson-dataformat-cbor/2.6.7/jackson-dataformat-cbor-2.6.7.jar:/Users/banvipul/.m2/repository/joda-time/joda-time/2.8.1/joda-time-2.8.1.jar:/Users/banvipul/.m2/repository/com/amazonaws/jmespath-java/1.11.993/jmespath-java-1.11.993.jar:/Users/banvipul/.m2/repository/com/amazonaws/aws-lambda-java-runtime-interface-client/1.0.0/aws-lambda-java-runtime-interface-client-1.0.0.jar:/Users/banvipul/.m2/repository/com/amazonaws/aws-lambda-java-serialization/1.0.0/aws-lambda-java-serialization-1.0.0.jar:/Users/banvipul/.m2/repository/com/amazonaws/aws-java-sdk-licensemanager/1.12.73/aws-java-sdk-licensemanager-1.12.73.jar:/Users/banvipul/.m2/repository/org/immutables/value/2.2.10/value-2.2.10.jar:/Users/banvipul/.m2/repository/com/google/code/findbugs/jsr305/3.0.2/jsr305-3.0.2.jar:/Users/banvipul/.m2/repository/com/fasterxml/jackson/datatype/jackson-datatype-jdk8/2.12.1/jackson-datatype-jdk8-2.12.1.jar:/Users/banvipul/.m2/repository/com/fasterxml/jackson/core/jackson-core/2.12.1/jackson-core-2.12.1.jar:/Users/banvipul/.m2/repository/com/fasterxml/jackson/core/jackson-databind/2.12.1/jackson-databind-2.12.1.jar:/Users/banvipul/.m2/repository/com/fasterxml/jackson/datatype/jackson-datatype-jsr310/2.12.1/jackson-datatype-jsr310-2.12.1.jar:/Users/banvipul/.m2/repository/com/fasterxml/jackson/core/jackson-annotations/2.12.1/jackson-annotations-2.12.1.jar:/Users/banvipul/.m2/repository/com/fasterxml/jackson/datatype/jackson-datatype-guava/2.12.1/jackson-datatype-guava-2.12.1.jar:/Users/banvipul/.m2/repository/com/google/guava/guava/21.0/guava-21.0.jar:/Users/banvipul/.m2/repository/com/amazonaws/aws-lambda-java-log4j2/1.1.0/aws-lambda-java-log4j2-1.1.0.jar:/Users/banvipul/.m2/repository/org/apache/logging/log4j/log4j-core/2.8.2/log4j-core-2.8.2.jar:/Users/banvipul/.m2/repository/org/apache/logging/log4j/log4j-api/2.8.2/log4j-api-2.8.2.jar:/Users/banvipul/.m2/repository/org/apache/commons/commons-lang3/3.9/commons-lang3-3.9.jar:/Users/banvipul/.m2/repository/org/junit/jupiter/junit-jupiter-engine/5.7.0/junit-jupiter-engine-5.7.0.jar:/Users/banvipul/.m2/repository/org/apiguardian/apiguardian-api/1.1.0/apiguardian-api-1.1.0.jar:/Users/banvipul/.m2/repository/org/junit/platform/junit-platform-engine/1.7.0/junit-platform-engine-1.7.0.jar:/Users/banvipul/.m2/repository/org/opentest4j/opentest4j/1.2.0/opentest4j-1.2.0.jar:/Users/banvipul/.m2/repository/org/junit/platform/junit-platform-commons/1.7.0/junit-platform-commons-1.7.0.jar:/Users/banvipul/.m2/repository/org/junit/jupiter/junit-jupiter-api/5.7.0/junit-jupiter-api-5.7.0.jar:/Users/banvipul/.m2/repository/org/junit/jupiter/junit-jupiter-params/5.7.0/junit-jupiter-params-5.7.0.jar:/Users/banvipul/.m2/repository/org/mockito/mockito-all/1.10.19/mockito-all-1.10.19.jar:/Users/banvipul/.m2/repository/org/mockito/mockito-junit-jupiter/3.7.0/mockito-junit-jupiter-3.7.0.jar:/Users/banvipul/.m2/repository/org/mockito/mockito-core/3.7.0/mockito-core-3.7.0.jar:/Users/banvipul/.m2/repository/net/bytebuddy/byte-buddy/1.10.19/byte-buddy-1.10.19.jar:/Users/banvipul/.m2/repository/net/bytebuddy/byte-buddy-agent/1.10.19/byte-buddy-agent-1.10.19.jar:/Users/banvipul/.m2/repository/org/objenesis/objenesis/3.1/objenesis-3.1.jar:"/>
    <property name="java.vm.vendor" value="Amazon.com Inc."/>
    <property name="sun.arch.data.model" value="64"/>
    <property name="java.vendor.url" value="https://aws.amazon.com/corretto/"/>
    <property name="os.name" value="Mac OS X"/>
    <property name="java.vm.specification.version" value="15"/>
    <property name="sun.java.launcher" value="SUN_STANDARD"/>
    <property name="user.country" value="US"/>
    <property name="sun.boot.library.path" value="/Library/Java/JavaVirtualMachines/amazon-corretto-15.jdk/Contents/Home/lib"/>
    <property name="sun.java.command" value="/Users/banvipul/sdk-java-2/aws-appflow-custom-connector/custom-connector-queryfilter/target/surefire/surefirebooter8076379064078817771.jar /Users/banvipul/sdk-java-2/aws-appflow-custom-connector/custom-connector-queryfilter/target/surefire 2022-02-02T16-18-21_960-jvmRun1 surefire10671083985523593555tmp surefire_12654335327834528365tmp"/>
    <property name="jdk.debug" value="release"/>
    <property name="surefire.test.class.path" value="/Users/banvipul/sdk-java-2/aws-appflow-custom-connector/custom-connector-queryfilter/target/test-classes:/Users/banvipul/sdk-java-2/aws-appflow-custom-connector/custom-connector-queryfilter/target/classes:/Users/banvipul/.m2/repository/org/antlr/antlr4-runtime/4.9.1/antlr4-runtime-4.9.1.jar:/Users/banvipul/.m2/repository/com/amazonaws/aws-lambda-java-core/1.2.1/aws-lambda-java-core-1.2.1.jar:/Users/banvipul/.m2/repository/com/amazonaws/aws-java-sdk-lambda/1.11.993/aws-java-sdk-lambda-1.11.993.jar:/Users/banvipul/.m2/repository/com/amazonaws/aws-java-sdk-core/1.11.993/aws-java-sdk-core-1.11.993.jar:/Users/banvipul/.m2/repository/commons-logging/commons-logging/1.1.3/commons-logging-1.1.3.jar:/Users/banvipul/.m2/repository/org/apache/httpcomponents/httpclient/4.5.13/httpclient-4.5.13.jar:/Users/banvipul/.m2/repository/org/apache/httpcomponents/httpcore/4.4.13/httpcore-4.4.13.jar:/Users/banvipul/.m2/repository/commons-codec/commons-codec/1.11/commons-codec-1.11.jar:/Users/banvipul/.m2/repository/software/amazon/ion/ion-java/1.0.2/ion-java-1.0.2.jar:/Users/banvipul/.m2/repository/com/fasterxml/jackson/dataformat/jackson-dataformat-cbor/2.6.7/jackson-dataformat-cbor-2.6.7.jar:/Users/banvipul/.m2/repository/joda-time/joda-time/2.8.1/joda-time-2.8.1.jar:/Users/banvipul/.m2/repository/com/amazonaws/jmespath-java/1.11.993/jmespath-java-1.11.993.jar:/Users/banvipul/.m2/repository/com/amazonaws/aws-lambda-java-runtime-interface-client/1.0.0/aws-lambda-java-runtime-interface-client-1.0.0.jar:/Users/banvipul/.m2/repository/com/amazonaws/aws-lambda-java-serialization/1.0.0/aws-lambda-java-serialization-1.0.0.jar:/Users/banvipul/.m2/repository/com/amazonaws/aws-java-sdk-licensemanager/1.12.73/aws-java-sdk-licensemanager-1.12.73.jar:/Users/banvipul/.m2/repository/org/immutables/value/2.2.10/value-2.2.10.jar:/Users/banvipul/.m2/repository/com/google/code/findbugs/jsr305/3.0.2/jsr305-3.0.2.jar:/Users/banvipul/.m2/repository/com/fasterxml/jackson/datatype/jackson-datatype-jdk8/2.12.1/jackson-datatype-jdk8-2.12.1.jar:/Users/banvipul/.m2/repository/com/fasterxml/jackson/core/jackson-core/2.12.1/jackson-core-2.12.1.jar:/Users/banvipul/.m2/repository/com/fasterxml/jackson/core/jackson-databind/2.12.1/jackson-databind-2.12.1.jar:/Users/banvipul/.m2/repository/com/fasterxml/jackson/datatype/jackson-datatype-jsr310/2.12.1/jackson-datatype-jsr310-2.12.1.jar:/Users/banvipul/.m2/repository/com/fasterxml/jackson/core/jackson-annotations/2.12.1/jackson-annotations-2.12.1.jar:/Users/banvipul/.m2/repository/com/fasterxml/jackson/datatype/jackson-datatype-guava/2.12.1/jackson-datatype-guava-2.12.1.jar:/Users/banvipul/.m2/repository/com/google/guava/guava/21.0/guava-21.0.jar:/Users/banvipul/.m2/repository/com/amazonaws/aws-lambda-java-log4j2/1.1.0/aws-lambda-java-log4j2-1.1.0.jar:/Users/banvipul/.m2/repository/org/apache/logging/log4j/log4j-core/2.8.2/log4j-core-2.8.2.jar:/Users/banvipul/.m2/repository/org/apache/logging/log4j/log4j-api/2.8.2/log4j-api-2.8.2.jar:/Users/banvipul/.m2/repository/org/apache/commons/commons-lang3/3.9/commons-lang3-3.9.jar:/Users/banvipul/.m2/repository/org/junit/jupiter/junit-jupiter-engine/5.7.0/junit-jupiter-engine-5.7.0.jar:/Users/banvipul/.m2/repository/org/apiguardian/apiguardian-api/1.1.0/apiguardian-api-1.1.0.jar:/Users/banvipul/.m2/repository/org/junit/platform/junit-platform-engine/1.7.0/junit-platform-engine-1.7.0.jar:/Users/banvipul/.m2/repository/org/opentest4j/opentest4j/1.2.0/opentest4j-1.2.0.jar:/Users/banvipul/.m2/repository/org/junit/platform/junit-platform-commons/1.7.0/junit-platform-commons-1.7.0.jar:/Users/banvipul/.m2/repository/org/junit/jupiter/junit-jupiter-api/5.7.0/junit-jupiter-api-5.7.0.jar:/Users/banvipul/.m2/repository/org/junit/jupiter/junit-jupiter-params/5.7.0/junit-jupiter-params-5.7.0.jar:/Users/banvipul/.m2/repository/org/mockito/mockito-all/1.10.19/mockito-all-1.10.19.jar:/Users/banvipul/.m2/repository/org/mockito/mockito-junit-jupiter/3.7.0/mockito-junit-jupiter-3.7.0.jar:/Users/banvipul/.m2/repository/org/mockito/mockito-core/3.7.0/mockito-core-3.7.0.jar:/Users/banvipul/.m2/repository/net/bytebuddy/byte-buddy/1.10.19/byte-buddy-1.10.19.jar:/Users/banvipul/.m2/repository/net/bytebuddy/byte-buddy-agent/1.10.19/byte-buddy-agent-1.10.19.jar:/Users/banvipul/.m2/repository/org/objenesis/objenesis/3.1/objenesis-3.1.jar:"/>
    <property name="sun.cpu.endian" value="little"/>
    <property name="user.home" value="/Users/banvipul"/>
    <property name="user.language" value="en"/>
    <property name="java.specification.vendor" value="Oracle Corporation"/>
    <property name="java.version.date" value="2021-01-19"/>
    <property name="java.home" value="/Library/Java/JavaVirtualMachines/amazon-corretto-15.jdk/Contents/Home"/>
    <property name="file.separator" value="/"/>
    <property name="basedir" value="/Users/banvipul/sdk-java-2/aws-appflow-custom-connector/custom-connector-queryfilter"/>
    <property name="java.vm.compressedOopsMode" value="Zero based"/>
    <property name="line.separator" value="&#10;"/>
    <property name="java.vm.specification.vendor" value="Oracle Corporation"/>
    <property name="java.specification.name" value="Java Platform API Specification"/>
    <property name="surefire.real.class.path" value="/Users/banvipul/sdk-java-2/aws-appflow-custom-connector/custom-connector-queryfilter/target/surefire/surefirebooter8076379064078817771.jar"/>
    <property name="sun.management.compiler" value="HotSpot 64-Bit Tiered Compilers"/>
    <property name="java.runtime.version" value="15.0.2+7"/>
    <property name="user.name" value="banvipul"/>
    <property name="path.separator" value=":"/>
    <property name="os.version" value="11.6.2"/>
    <property name="java.runtime.name" value="OpenJDK Runtime Environment"/>
    <property name="file.encoding" value="UTF-8"/>
    <property name="java.vm.name" value="OpenJDK 64-Bit Server VM"/>
    <property name="java.vendor.version" value="Corretto-15.0.2.7.1"/>
    <property name="localRepository" value="/Users/banvipul/.m2/repository"/>
    <property name="java.vendor.url.bug" value="https://github.com/corretto/corretto-jdk/issues/"/>
    <property name="java.io.tmpdir" value="/var/folders/x1/00zl_3c12gg0fnjrf7w65_jdm403yd/T/"/>
    <property name="java.version" value="15.0.2"/>
    <property name="user.dir" value="/Users/banvipul/sdk-java-2/aws-appflow-custom-connector/custom-connector-queryfilter"/>
    <property name="os.arch" value="x86_64"/>
    <property name="java.vm.specification.name" value="Java Virtual Machine Specification"/>
    <property name="java.library.path" value="/Users/banvipul/Library/Java/Extensions:/Library/Java/Extensions:/Network/Library/Java/Extensions:/System/Library/Java/Extensions:/usr/lib/java:."/>
    <property name="java.vm.info" value="mixed mode, sharing"/>
    <property name="java.vendor" value="Amazon.com Inc."/>
    <property name="java.vm.version" value="15.0.2+7"/>
    <property name="sun.io.unicode.encoding" value="UnicodeBig"/>
    <property name="java.class.version" value="59.0"/>
  </properties>
  <testcase name="testParseTreeWithValidFilterExpression{String}[1]" classname="com.amazonaws.appflow.custom.connector.queryfilter.CustomConnectorParseTreeBuilderTest" time="0"/>
  <testcase name="testParseTreeWithValidFilterExpression{String}[2]" classname="com.amazonaws.appflow.custom.connector.queryfilter.CustomConnectorParseTreeBuilderTest" time="0"/>
  <testcase name="testParseTreeWithValidFilterExpression{String}[3]" classname="com.amazonaws.appflow.custom.connector.queryfilter.CustomConnectorParseTreeBuilderTest" time="0"/>
  <testcase name="testParseTreeWithValidFilterExpression{String}[4]" classname="com.amazonaws.appflow.custom.connector.queryfilter.CustomConnectorParseTreeBuilderTest" time="0"/>
  <testcase name="testParseTreeWithValidFilterExpression{String}[5]" classname="com.amazonaws.appflow.custom.connector.queryfilter.CustomConnectorParseTreeBuilderTest" time="0"/>
  <testcase name="testParseTreeWithValidFilterExpression{String}[6]" classname="com.amazonaws.appflow.custom.connector.queryfilter.CustomConnectorParseTreeBuilderTest" time="0"/>
  <testcase name="testParseTreeWithValidFilterExpression{String}[7]" classname="com.amazonaws.appflow.custom.connector.queryfilter.CustomConnectorParseTreeBuilderTest" time="0"/>
  <testcase name="testParseTreeWithValidFilterExpression{String}[8]" classname="com.amazonaws.appflow.custom.connector.queryfilter.CustomConnectorParseTreeBuilderTest" time="0"/>
  <testcase name="testParseTreeWithValidFilterExpression{String}[9]" classname="com.amazonaws.appflow.custom.connector.queryfilter.CustomConnectorParseTreeBuilderTest" time="0"/>
  <testcase name="testParseTreeWithValidFilterExpression{String}[10]" classname="com.amazonaws.appflow.custom.connector.queryfilter.CustomConnectorParseTreeBuilderTest" time="0.001"/>
  <testcase name="testParseTreeWithValidFilterExpression{String}[11]" classname="com.amazonaws.appflow.custom.connector.queryfilter.CustomConnectorParseTreeBuilderTest" time="0.001"/>
  <testcase name="testParseTreeWithValidFilterExpression{String}[12]" classname="com.amazonaws.appflow.custom.connector.queryfilter.CustomConnectorParseTreeBuilderTest" time="0.001"/>
  <testcase name="testParseTreeWithValidFilterExpression{String}[13]" classname="com.amazonaws.appflow.custom.connector.queryfilter.CustomConnectorParseTreeBuilderTest" time="0.001"/>
  <testcase name="testParseTreeWithValidFilterExpression{String}[14]" classname="com.amazonaws.appflow.custom.connector.queryfilter.CustomConnectorParseTreeBuilderTest" time="0.001"/>
  <testcase name="testParseTreeWithValidFilterExpression{String}[15]" classname="com.amazonaws.appflow.custom.connector.queryfilter.CustomConnectorParseTreeBuilderTest" time="0.001"/>
  <testcase name="testParseTreeWithValidFilterExpression{String}[16]" classname="com.amazonaws.appflow.custom.connector.queryfilter.CustomConnectorParseTreeBuilderTest" time="0.001"/>
  <testcase name="testParseTreeWithValidFilterExpression{String}[17]" classname="com.amazonaws.appflow.custom.connector.queryfilter.CustomConnectorParseTreeBuilderTest" time="0.001"/>
  <testcase name="testParseTreeWithValidFilterExpression{String}[18]" classname="com.amazonaws.appflow.custom.connector.queryfilter.CustomConnectorParseTreeBuilderTest" time="0.001"/>
  <testcase name="testParseTreeWithValidFilterExpression{String}[19]" classname="com.amazonaws.appflow.custom.connector.queryfilter.CustomConnectorParseTreeBuilderTest" time="0"/>
  <testcase name="testParseTreeWithValidFilterExpression{String}[20]" classname="com.amazonaws.appflow.custom.connector.queryfilter.CustomConnectorParseTreeBuilderTest" time="0"/>
  <testcase name="testParseTreeWithValidFilterExpression{String}[21]" classname="com.amazonaws.appflow.custom.connector.queryfilter.CustomConnectorParseTreeBuilderTest" time="0"/>
  <testcase name="testParseTreeWithValidFilterExpression{String}[22]" classname="com.amazonaws.appflow.custom.connector.queryfilter.CustomConnectorParseTreeBuilderTest" time="0"/>
  <testcase name="testParseTreeWithValidFilterExpression{String}[23]" classname="com.amazonaws.appflow.custom.connector.queryfilter.CustomConnectorParseTreeBuilderTest" time="0.001"/>
  <testcase name="testParseTreeWithInvalidFilterExpression{String}[1]" classname="com.amazonaws.appflow.custom.connector.queryfilter.CustomConnectorParseTreeBuilderTest" time="0.002"/>
  <testcase name="testParseTreeWithInvalidFilterExpression{String}[2]" classname="com.amazonaws.appflow.custom.connector.queryfilter.CustomConnectorParseTreeBuilderTest" time="0.001"/>
  <testcase name="testParseTreeWithInvalidFilterExpression{String}[3]" classname="com.amazonaws.appflow.custom.connector.queryfilter.CustomConnectorParseTreeBuilderTest" time="0.001"/>
  <testcase name="testParseTreeWithInvalidFilterExpression{String}[4]" classname="com.amazonaws.appflow.custom.connector.queryfilter.CustomConnectorParseTreeBuilderTest" time="0.001"/>
  <testcase name="testParseTreeWithInvalidFilterExpression{String}[5]" classname="com.amazonaws.appflow.custom.connector.queryfilter.CustomConnectorParseTreeBuilderTest" time="0.001"/>
  <testcase name="testParseTreeWithInvalidFilterExpression{String}[6]" classname="com.amazonaws.appflow.custom.connector.queryfilter.CustomConnectorParseTreeBuilderTest" time="0"/>
  <testcase name="testParseTreeWithInvalidFilterExpression{String}[7]" classname="com.amazonaws.appflow.custom.connector.queryfilter.CustomConnectorParseTreeBuilderTest" time="0"/>
  <testcase name="testParseTreeWithInvalidFilterExpression{String}[8]" classname="com.amazonaws.appflow.custom.connector.queryfilter.CustomConnectorParseTreeBuilderTest" time="0.001"/>
  <testcase name="testParseTreeWithInvalidFilterExpression{String}[9]" classname="com.amazonaws.appflow.custom.connector.queryfilter.CustomConnectorParseTreeBuilderTest" time="0.001"/>
  <testcase name="testParseTreeWithInvalidFilterExpression{String}[10]" classname="com.amazonaws.appflow.custom.connector.queryfilter.CustomConnectorParseTreeBuilderTest" time="0.001"/>
  <testcase name="testParseTreeWithInvalidFilterExpression{String}[11]" classname="com.amazonaws.appflow.custom.connector.queryfilter.CustomConnectorParseTreeBuilderTest" time="0.001"/>
  <testcase name="testParseTreeWithInvalidFilterExpression{String}[12]" classname="com.amazonaws.appflow.custom.connector.queryfilter.CustomConnectorParseTreeBuilderTest" time="0.001"/>
  <testcase name="testParseTreeWithInvalidFilterExpression{String}[13]" classname="com.amazonaws.appflow.custom.connector.queryfilter.CustomConnectorParseTreeBuilderTest" time="0.001"/>
  <testcase name="testParseTreeWithInvalidFilterExpression{String}[14]" classname="com.amazonaws.appflow.custom.connector.queryfilter.CustomConnectorParseTreeBuilderTest" time="0.001"/>
  <testcase name="testParseTreeWithInvalidFilterExpression{String}[15]" classname="com.amazonaws.appflow.custom.connector.queryfilter.CustomConnectorParseTreeBuilderTest" time="0.001"/>
</testsuite>